<!DOCTYPE html PUBLIC "-//W3C//DTD XHTML 1.1//EN" "http://www.w3.org/TR/xhtml11/DTD/xhtml11.dtd">
<html xmlns="http://www.w3.org/1999/xhtml"><head><title>TestNG Report</title><style type="text/css">table {margin-bottom:10px;border-collapse:collapse;empty-cells:show}th,td {border:1px solid #009;padding:.25em .5em}th {vertical-align:bottom}td {vertical-align:top}table a {font-weight:bold}.stripe td {background-color: #E6EBF9}.num {text-align:right}.passedodd td {background-color: #3F3}.passedeven td {background-color: #0A0}.skippedodd td {background-color: #DDD}.skippedeven td {background-color: #CCC}.failedodd td,.attn {background-color: #F33}.failedeven td,.stripe .attn {background-color: #D00}.stacktrace {white-space:pre;font-family:monospace}.totop {font-size:85%;text-align:center;border-bottom:2px solid #000}</style></head><body><table><tr><th>Test</th><th># Passed</th><th># Skipped</th><th># Failed</th><th>Time (ms)</th><th>Included Groups</th><th>Excluded Groups</th></tr><tr><th colspan="7">Suite</th></tr><tr><td><a href="#t0">IE 10 Test</a></td><td class="num">1</td><td class="num">0</td><td class="num">0</td><td class="num">40,657</td><td></td><td></td></tr><tr class="stripe"><td><a href="#t1">IE 11 Test</a></td><td class="num">1</td><td class="num">0</td><td class="num">0</td><td class="num">29,949</td><td></td><td></td></tr><tr><td><a href="#t2">Firefox 43 Test</a></td><td class="num">1</td><td class="num">0</td><td class="num">0</td><td class="num">26,069</td><td></td><td></td></tr><tr class="stripe"><td><a href="#t3">Firefox 44 Test</a></td><td class="num">1</td><td class="num">0</td><td class="num">0</td><td class="num">21,073</td><td></td><td></td></tr><tr><td><a href="#t4">Chrome 47 Test</a></td><td class="num">1</td><td class="num">0</td><td class="num">0</td><td class="num">21,486</td><td></td><td></td></tr><tr class="stripe"><td><a href="#t5">Chrome 48 Test</a></td><td class="num">1</td><td class="num">0</td><td class="num">0</td><td class="num">18,755</td><td></td><td></td></tr><tr><td><a href="#t6">MS Edge Test</a></td><td class="num">1</td><td class="num">0</td><td class="num">0</td><td class="num">24,386</td><td></td><td></td></tr><tr class="stripe"><td><a href="#t7">Safari 9 Test</a></td><td class="num">1</td><td class="num">0</td><td class="num">0</td><td class="num">46,901</td><td></td><td></td></tr><tr><td><a href="#t8">Android 5.0 Test</a></td><td class="num">1</td><td class="num">0</td><td class="num">0</td><td class="num">465,260</td><td></td><td></td></tr><tr class="stripe"><td><a href="#t9">Android 4.4 Test</a></td><td class="num">1</td><td class="num">0</td><td class="num">0</td><td class="num">111,364</td><td></td><td></td></tr><tr><td><a href="#t10">Android 4.3 Test</a></td><td class="num">0</td><td class="num">0</td><td class="num attn">1</td><td class="num">77,289</td><td></td><td></td></tr><tr class="stripe"><td><a href="#t11">Android 4.2 Test</a></td><td class="num">0</td><td class="num">0</td><td class="num attn">1</td><td class="num">62,589</td><td></td><td></td></tr><tr><td><a href="#t12">Android 4.1 Test</a></td><td class="num">0</td><td class="num">0</td><td class="num attn">1</td><td class="num">76,460</td><td></td><td></td></tr><tr class="stripe"><td><a href="#t13">Android 4.0 Test</a></td><td class="num">0</td><td class="num">0</td><td class="num attn">1</td><td class="num">53,333</td><td></td><td></td></tr><tr><td><a href="#t14">iOS 8 Test</a></td><td class="num">1</td><td class="num">0</td><td class="num">0</td><td class="num">81,294</td><td></td><td></td></tr><tr class="stripe"><td><a href="#t15">iOS 9 Test</a></td><td class="num">1</td><td class="num">0</td><td class="num">0</td><td class="num">105,486</td><td></td><td></td></tr><tr><td><a href="#t16">iOS 7.0 Test</a></td><td class="num">1</td><td class="num">0</td><td class="num">0</td><td class="num">80,984</td><td></td><td></td></tr><tr><th>Total</th><th class="num">13</th><th class="num">0</th><th class="num attn">4</th><th class="num">1,343,335</th><th colspan="2"></th></tr></table><table><thead><tr><th>Class</th><th>Method</th><th>Start</th><th>Time (ms)</th></tr></thead><tbody><tr><th colspan="4">Suite</th></tr></tbody><tbody id="t0"><tr><th colspan="4">IE 10 Test &#8212; passed</th></tr><tr class="passedeven"><td rowspan="1">test.Checks</td><td><a href="#m0">main</a></td><td rowspan="1">1459346505622</td><td rowspan="1">29232</td></tr></tbody><tbody id="t1"><tr><th colspan="4">IE 11 Test &#8212; passed</th></tr><tr class="passedeven"><td rowspan="1">test.Checks</td><td><a href="#m1">main</a></td><td rowspan="1">1459346549017</td><td rowspan="1">15967</td></tr></tbody><tbody id="t2"><tr><th colspan="4">Firefox 43 Test &#8212; passed</th></tr><tr class="passedeven"><td rowspan="1">test.Checks</td><td><a href="#m2">main</a></td><td rowspan="1">1459346576376</td><td rowspan="1">14702</td></tr></tbody><tbody id="t3"><tr><th colspan="4">Firefox 44 Test &#8212; passed</th></tr><tr class="passedeven"><td rowspan="1">test.Checks</td><td><a href="#m3">main</a></td><td rowspan="1">1459346599957</td><td rowspan="1">12248</td></tr></tbody><tbody id="t4"><tr><th colspan="4">Chrome 47 Test &#8212; passed</th></tr><tr class="passedeven"><td rowspan="1">test.Checks</td><td><a href="#m4">main</a></td><td rowspan="1">1459346620520</td><td rowspan="1">13198</td></tr></tbody><tbody id="t5"><tr><th colspan="4">Chrome 48 Test &#8212; passed</th></tr><tr class="passedeven"><td rowspan="1">test.Checks</td><td><a href="#m5">main</a></td><td rowspan="1">1459346638966</td><td rowspan="1">13536</td></tr></tbody><tbody id="t6"><tr><th colspan="4">MS Edge Test &#8212; passed</th></tr><tr class="passedeven"><td rowspan="1">test.Checks</td><td><a href="#m6">main</a></td><td rowspan="1">1459346661918</td><td rowspan="1">15002</td></tr></tbody><tbody id="t7"><tr><th colspan="4">Safari 9 Test &#8212; passed</th></tr><tr class="passedeven"><td rowspan="1">test.Checks</td><td><a href="#m7">main</a></td><td rowspan="1">1459346696393</td><td rowspan="1">27465</td></tr></tbody><tbody id="t8"><tr><th colspan="4">Android 5.0 Test &#8212; passed</th></tr><tr class="passedeven"><td rowspan="1">test.Checks</td><td><a href="#m8">main</a></td><td rowspan="1">1459347145491</td><td rowspan="1">43665</td></tr></tbody><tbody id="t9"><tr><th colspan="4">Android 4.4 Test &#8212; passed</th></tr><tr class="passedeven"><td rowspan="1">test.Checks</td><td><a href="#m9">main</a></td><td rowspan="1">1459347256148</td><td rowspan="1">44410</td></tr></tbody><tbody id="t10"><tr><th colspan="4">Android 4.3 Test &#8212; failed</th></tr><tr class="failedeven"><td rowspan="1">test.Checks</td><td><a href="#m10">main</a></td><td rowspan="1">1459347367831</td><td rowspan="1">10109</td></tr></tbody><tbody id="t11"><tr><th colspan="4">Android 4.2 Test &#8212; failed</th></tr><tr class="failedeven"><td rowspan="1">test.Checks</td><td><a href="#m11">main</a></td><td rowspan="1">1459347419949</td><td rowspan="1">20638</td></tr></tbody><tbody id="t12"><tr><th colspan="4">Android 4.1 Test &#8212; failed</th></tr><tr class="failedeven"><td rowspan="1">test.Checks</td><td><a href="#m12">main</a></td><td rowspan="1">1459347496769</td><td rowspan="1">20320</td></tr></tbody><tbody id="t13"><tr><th colspan="4">Android 4.0 Test &#8212; failed</th></tr><tr class="failedeven"><td rowspan="1">test.Checks</td><td><a href="#m13">main</a></td><td rowspan="1">1459347550280</td><td rowspan="1">20192</td></tr></tbody><tbody id="t14"><tr><th colspan="4">iOS 8 Test &#8212; passed</th></tr><tr class="passedeven"><td rowspan="1">test.Checks</td><td><a href="#m14">main</a></td><td rowspan="1">1459347628770</td><td rowspan="1">23039</td></tr></tbody><tbody id="t15"><tr><th colspan="4">iOS 9 Test &#8212; passed</th></tr><tr class="passedeven"><td rowspan="1">test.Checks</td><td><a href="#m15">main</a></td><td rowspan="1">1459347725819</td><td rowspan="1">31565</td></tr></tbody><tbody id="t16"><tr><th colspan="4">iOS 7.0 Test &#8212; passed</th></tr><tr class="passedeven"><td rowspan="1">test.Checks</td><td><a href="#m16">main</a></td><td rowspan="1">1459347817973</td><td rowspan="1">20415</td></tr></tbody></table><h2>IE 10 Test</h2><h3 id="m0">test.Checks#main</h3><table class="result"></table><p class="totop"><a href="#summary">back to summary</a></p><h2>IE 11 Test</h2><h3 id="m1">test.Checks#main</h3><table class="result"></table><p class="totop"><a href="#summary">back to summary</a></p><h2>Firefox 43 Test</h2><h3 id="m2">test.Checks#main</h3><table class="result"></table><p class="totop"><a href="#summary">back to summary</a></p><h2>Firefox 44 Test</h2><h3 id="m3">test.Checks#main</h3><table class="result"></table><p class="totop"><a href="#summary">back to summary</a></p><h2>Chrome 47 Test</h2><h3 id="m4">test.Checks#main</h3><table class="result"></table><p class="totop"><a href="#summary">back to summary</a></p><h2>Chrome 48 Test</h2><h3 id="m5">test.Checks#main</h3><table class="result"></table><p class="totop"><a href="#summary">back to summary</a></p><h2>MS Edge Test</h2><h3 id="m6">test.Checks#main</h3><table class="result"></table><p class="totop"><a href="#summary">back to summary</a></p><h2>Safari 9 Test</h2><h3 id="m7">test.Checks#main</h3><table class="result"></table><p class="totop"><a href="#summary">back to summary</a></p><h2>Android 5.0 Test</h2><h3 id="m8">test.Checks#main</h3><table class="result"></table><p class="totop"><a href="#summary">back to summary</a></p><h2>Android 4.4 Test</h2><h3 id="m9">test.Checks#main</h3><table class="result"></table><p class="totop"><a href="#summary">back to summary</a></p><h2>Android 4.3 Test</h2><h3 id="m10">test.Checks#main</h3><table class="result"><tr><th>Exception</th></tr><tr><td><div class="stacktrace">org.openqa.selenium.NoSuchElementException: Could not find element with id: e
For documentation on this error, please visit: http://seleniumhq.org/exceptions/no_such_element.html
Build info: version: &apos;unknown&apos;, revision: &apos;unknown&apos;, time: &apos;unknown&apos;
System info: os.name: &apos;Linux&apos;, os.arch: &apos;i686&apos;, os.version: &apos;3.4.0+&apos;, java.version: &apos;0&apos;
Driver info: driver.version: EventFiringWebDriver
Command duration or timeout: 6.75 seconds
For documentation on this error, please visit: http://seleniumhq.org/exceptions/no_such_element.html
Build info: version: &apos;2.45.0&apos;, revision: &apos;5017cb8e7ca8e37638dc3091b2440b90a1d8686f&apos;, time: &apos;2015-02-27 09:10:26&apos;
System info: host: &apos;Julieta-PC&apos;, ip: &apos;10.30.10.117&apos;, os.name: &apos;Windows 8.1&apos;, os.arch: &apos;amd64&apos;, os.version: &apos;6.3&apos;, java.version: &apos;1.7.0_71&apos;
*** Element info: {Using=id, value=e}
Session ID: 57691549a1e9c617338217c6f716874e2135908b
Driver info: org.openqa.selenium.remote.RemoteWebDriver
Capabilities [{proxy_type=node, javascriptEnabled=true, acceptSslCerts=true, browserVersion=default, browserName=android, webdriver.remote.sessionid=57691549a1e9c617338217c6f716874e2135908b, version=18, proxy={httpProxy=10.0.2.2:45691, sslProxy=10.0.2.2:45691, proxyType=manual}, browser=android, applicationCacheEnabled=true, takesScreenshot=true, browserstack.ie.noFlash=false, 64bit=false, platform=ANDROID, rotatable=true, locationContextEnabled=true, acceptSslCert=false, handlesAlerts=true, browserConnectionEnabled=true, webStorageEnabled=true, device=Samsung Galaxy S4, browserstack.video=true, language=Apache-HttpClient/4.3.6 (java 1.5), orig_os=macyos, browserstack.debug=false, mobile={browser=mobile, version=Samsung Galaxy S4-4.3-1080x1920}}]
	at org.openqa.selenium.remote.ErrorHandler.createThrowable(ErrorHandler.java:204)
	at org.openqa.selenium.remote.ErrorHandler.throwIfResponseFailed(ErrorHandler.java:156)
	at org.openqa.selenium.remote.RemoteWebDriver.execute(RemoteWebDriver.java:599)
	at org.openqa.selenium.remote.RemoteWebDriver.findElement(RemoteWebDriver.java:352)
	at org.openqa.selenium.remote.RemoteWebDriver.findElementById(RemoteWebDriver.java:393)
	at org.openqa.selenium.By$ById.findElement(By.java:214)
	at org.openqa.selenium.remote.RemoteWebDriver.findElement(RemoteWebDriver.java:344)
	at test.Checks.main(Checks.java:49)
Caused by: org.openqa.selenium.NoSuchElementException: Could not find element with id: e
For documentation on this error, please visit: http://seleniumhq.org/exceptions/no_such_element.html
Build info: version: &apos;unknown&apos;, revision: &apos;unknown&apos;, time: &apos;unknown&apos;
System info: os.name: &apos;Linux&apos;, os.arch: &apos;i686&apos;, os.version: &apos;3.4.0+&apos;, java.version: &apos;0&apos;
Driver info: driver.version: EventFiringWebDriver
For documentation on this error, please visit: http://seleniumhq.org/exceptions/no_such_element.html
Build info: version: &apos;2.45.0&apos;, revision: &apos;5017cb8e7ca8e37638dc3091b2440b90a1d8686f&apos;, time: &apos;2015-02-27 09:10:26&apos;
System info: host: &apos;Julieta-PC&apos;, ip: &apos;10.30.10.117&apos;, os.name: &apos;Windows 8.1&apos;, os.arch: &apos;amd64&apos;, os.version: &apos;6.3&apos;, java.version: &apos;1.7.0_71&apos;
Driver info: driver.version: EventFiringWebDriver
	at org.openqa.selenium.android.library.AndroidWebElement.lookupElement(AndroidWebElement.java:346)
	at org.openqa.selenium.android.library.AndroidWebElement.access$1(AndroidWebElement.java:335)
	at org.openqa.selenium.android.library.AndroidWebElement$FindByImpl.findElementById(AndroidWebElement.java:249)
	at org.openqa.selenium.android.library.AndroidWebDriver$AndroidFindBy.findElementById(AndroidWebDriver.java:604)
	at org.openqa.selenium.By$ById.findElement(By.java:216)
	at org.openqa.selenium.android.library.AndroidWebDriver.findElement(AndroidWebDriver.java:543)
	at org.openqa.selenium.android.AndroidApkDriver.findElement(AndroidApkDriver.java:70)
	at org.openqa.selenium.support.events.EventFiringWebDriver$2.invoke(EventFiringWebDriver.java:101)
	at $Proxy1.findElement(Native Method)
	at org.openqa.selenium.support.events.EventFiringWebDriver.findElement(EventFiringWebDriver.java:180)
	at org.openqa.selenium.remote.server.handler.FindElement.call(FindElement.java:47)
	at org.openqa.selenium.remote.server.handler.FindElement.call(FindElement.java:1)
	at java.util.concurrent.FutureTask.run(FutureTask.java:234)
	at org.openqa.selenium.remote.server.DefaultSession$1.run(DefaultSession.java:169)
	at java.util.concurrent.ThreadPoolExecutor.runWorker(ThreadPoolExecutor.java:1080)
	at java.util.concurrent.ThreadPoolExecutor$Worker.run(ThreadPoolExecutor.java:573)
	at java.lang.Thread.run(Thread.java:841)
... Removed 30 stack frames</div></td></tr></table><p class="totop"><a href="#summary">back to summary</a></p><h2>Android 4.2 Test</h2><h3 id="m11">test.Checks#main</h3><table class="result"><tr><th>Exception</th></tr><tr><td><div class="stacktrace">org.openqa.selenium.NoSuchElementException: Could not find element with id: e
For documentation on this error, please visit: http://seleniumhq.org/exceptions/no_such_element.html
Build info: version: &apos;unknown&apos;, revision: &apos;unknown&apos;, time: &apos;unknown&apos;
System info: os.name: &apos;Linux&apos;, os.arch: &apos;armv7l&apos;, os.version: &apos;2.6.29-gea477bb&apos;, java.version: &apos;0&apos;
Driver info: driver.version: EventFiringWebDriver
Command duration or timeout: 11.04 seconds
For documentation on this error, please visit: http://seleniumhq.org/exceptions/no_such_element.html
Build info: version: &apos;2.45.0&apos;, revision: &apos;5017cb8e7ca8e37638dc3091b2440b90a1d8686f&apos;, time: &apos;2015-02-27 09:10:26&apos;
System info: host: &apos;Julieta-PC&apos;, ip: &apos;10.30.10.117&apos;, os.name: &apos;Windows 8.1&apos;, os.arch: &apos;amd64&apos;, os.version: &apos;6.3&apos;, java.version: &apos;1.7.0_71&apos;
*** Element info: {Using=id, value=e}
Session ID: 3cfee45138435aa29fc8511c73311cebf1045073
Driver info: org.openqa.selenium.remote.RemoteWebDriver
Capabilities [{proxy_type=node, javascriptEnabled=true, acceptSslCerts=true, browserVersion=default, browserName=android, webdriver.remote.sessionid=3cfee45138435aa29fc8511c73311cebf1045073, version=17, proxy={httpProxy=10.0.2.2:45691, sslProxy=10.0.2.2:45691, proxyType=manual}, browser=android, applicationCacheEnabled=true, takesScreenshot=true, browserstack.ie.noFlash=false, 64bit=false, platform=ANDROID, rotatable=true, locationContextEnabled=true, acceptSslCert=false, handlesAlerts=true, browserConnectionEnabled=true, webStorageEnabled=true, device=Google Nexus 4, browserstack.video=true, language=Apache-HttpClient/4.3.6 (java 1.5), orig_os=macmav, browserstack.debug=false, mobile={browser=mobile, version=Google Nexus 4-4.2-768x1280}}]
	at org.openqa.selenium.remote.ErrorHandler.createThrowable(ErrorHandler.java:204)
	at org.openqa.selenium.remote.ErrorHandler.throwIfResponseFailed(ErrorHandler.java:156)
	at org.openqa.selenium.remote.RemoteWebDriver.execute(RemoteWebDriver.java:599)
	at org.openqa.selenium.remote.RemoteWebDriver.findElement(RemoteWebDriver.java:352)
	at org.openqa.selenium.remote.RemoteWebDriver.findElementById(RemoteWebDriver.java:393)
	at org.openqa.selenium.By$ById.findElement(By.java:214)
	at org.openqa.selenium.remote.RemoteWebDriver.findElement(RemoteWebDriver.java:344)
	at test.Checks.main(Checks.java:49)
Caused by: org.openqa.selenium.NoSuchElementException: Could not find element with id: e
For documentation on this error, please visit: http://seleniumhq.org/exceptions/no_such_element.html
Build info: version: &apos;unknown&apos;, revision: &apos;unknown&apos;, time: &apos;unknown&apos;
System info: os.name: &apos;Linux&apos;, os.arch: &apos;armv7l&apos;, os.version: &apos;2.6.29-gea477bb&apos;, java.version: &apos;0&apos;
Driver info: driver.version: EventFiringWebDriver
For documentation on this error, please visit: http://seleniumhq.org/exceptions/no_such_element.html
Build info: version: &apos;2.45.0&apos;, revision: &apos;5017cb8e7ca8e37638dc3091b2440b90a1d8686f&apos;, time: &apos;2015-02-27 09:10:26&apos;
System info: host: &apos;Julieta-PC&apos;, ip: &apos;10.30.10.117&apos;, os.name: &apos;Windows 8.1&apos;, os.arch: &apos;amd64&apos;, os.version: &apos;6.3&apos;, java.version: &apos;1.7.0_71&apos;
Driver info: driver.version: EventFiringWebDriver
	at org.openqa.selenium.android.library.AndroidWebElement.lookupElement(AndroidWebElement.java:346)
	at org.openqa.selenium.android.library.AndroidWebElement.access$1(AndroidWebElement.java:335)
	at org.openqa.selenium.android.library.AndroidWebElement$FindByImpl.findElementById(AndroidWebElement.java:249)
	at org.openqa.selenium.android.library.AndroidWebDriver$AndroidFindBy.findElementById(AndroidWebDriver.java:604)
	at org.openqa.selenium.By$ById.findElement(By.java:216)
	at org.openqa.selenium.android.library.AndroidWebDriver.findElement(AndroidWebDriver.java:543)
	at org.openqa.selenium.android.AndroidApkDriver.findElement(AndroidApkDriver.java:70)
	at org.openqa.selenium.support.events.EventFiringWebDriver$2.invoke(EventFiringWebDriver.java:101)
	at $Proxy1.findElement(Native Method)
	at org.openqa.selenium.support.events.EventFiringWebDriver.findElement(EventFiringWebDriver.java:180)
	at org.openqa.selenium.remote.server.handler.FindElement.call(FindElement.java:47)
	at org.openqa.selenium.remote.server.handler.FindElement.call(FindElement.java:1)
	at java.util.concurrent.FutureTask.run(FutureTask.java:234)
	at org.openqa.selenium.remote.server.DefaultSession$1.run(DefaultSession.java:169)
	at java.util.concurrent.ThreadPoolExecutor.runWorker(ThreadPoolExecutor.java:1080)
	at java.util.concurrent.ThreadPoolExecutor$Worker.run(ThreadPoolExecutor.java:573)
	at java.lang.Thread.run(Thread.java:856)
... Removed 30 stack frames</div></td></tr></table><p class="totop"><a href="#summary">back to summary</a></p><h2>Android 4.1 Test</h2><h3 id="m12">test.Checks#main</h3><table class="result"><tr><th>Exception</th></tr><tr><td><div class="stacktrace">org.openqa.selenium.NoSuchElementException: Could not find element with id: e
For documentation on this error, please visit: http://seleniumhq.org/exceptions/no_such_element.html
Build info: version: &apos;unknown&apos;, revision: &apos;unknown&apos;, time: &apos;unknown&apos;
System info: os.name: &apos;Linux&apos;, os.arch: &apos;armv7l&apos;, os.version: &apos;2.6.29-gc497e41&apos;, java.version: &apos;0&apos;
Driver info: driver.version: EventFiringWebDriver
Command duration or timeout: 10.81 seconds
For documentation on this error, please visit: http://seleniumhq.org/exceptions/no_such_element.html
Build info: version: &apos;2.45.0&apos;, revision: &apos;5017cb8e7ca8e37638dc3091b2440b90a1d8686f&apos;, time: &apos;2015-02-27 09:10:26&apos;
System info: host: &apos;Julieta-PC&apos;, ip: &apos;10.30.10.117&apos;, os.name: &apos;Windows 8.1&apos;, os.arch: &apos;amd64&apos;, os.version: &apos;6.3&apos;, java.version: &apos;1.7.0_71&apos;
*** Element info: {Using=id, value=e}
Session ID: f80834387c1d2f04dc43716226a3e0be583e18ef
Driver info: org.openqa.selenium.remote.RemoteWebDriver
Capabilities [{proxy_type=node, javascriptEnabled=true, acceptSslCerts=true, browserVersion=default, browserName=android, webdriver.remote.sessionid=f80834387c1d2f04dc43716226a3e0be583e18ef, version=16, proxy={httpProxy=10.0.2.2:45691, sslProxy=10.0.2.2:45691, proxyType=manual}, browser=android, applicationCacheEnabled=true, takesScreenshot=true, browserstack.ie.noFlash=false, 64bit=false, platform=ANDROID, rotatable=true, locationContextEnabled=true, acceptSslCert=false, handlesAlerts=true, browserConnectionEnabled=true, webStorageEnabled=true, device=Samsung Galaxy S3, browserstack.video=true, language=Apache-HttpClient/4.3.6 (java 1.5), orig_os=macmav, browserstack.debug=false, mobile={browser=mobile, version=Samsung Galaxy S3-4.1-720x1280}}]
	at org.openqa.selenium.remote.ErrorHandler.createThrowable(ErrorHandler.java:204)
	at org.openqa.selenium.remote.ErrorHandler.throwIfResponseFailed(ErrorHandler.java:156)
	at org.openqa.selenium.remote.RemoteWebDriver.execute(RemoteWebDriver.java:599)
	at org.openqa.selenium.remote.RemoteWebDriver.findElement(RemoteWebDriver.java:352)
	at org.openqa.selenium.remote.RemoteWebDriver.findElementById(RemoteWebDriver.java:393)
	at org.openqa.selenium.By$ById.findElement(By.java:214)
	at org.openqa.selenium.remote.RemoteWebDriver.findElement(RemoteWebDriver.java:344)
	at test.Checks.main(Checks.java:49)
Caused by: org.openqa.selenium.NoSuchElementException: Could not find element with id: e
For documentation on this error, please visit: http://seleniumhq.org/exceptions/no_such_element.html
Build info: version: &apos;unknown&apos;, revision: &apos;unknown&apos;, time: &apos;unknown&apos;
System info: os.name: &apos;Linux&apos;, os.arch: &apos;armv7l&apos;, os.version: &apos;2.6.29-gc497e41&apos;, java.version: &apos;0&apos;
Driver info: driver.version: EventFiringWebDriver
For documentation on this error, please visit: http://seleniumhq.org/exceptions/no_such_element.html
Build info: version: &apos;2.45.0&apos;, revision: &apos;5017cb8e7ca8e37638dc3091b2440b90a1d8686f&apos;, time: &apos;2015-02-27 09:10:26&apos;
System info: host: &apos;Julieta-PC&apos;, ip: &apos;10.30.10.117&apos;, os.name: &apos;Windows 8.1&apos;, os.arch: &apos;amd64&apos;, os.version: &apos;6.3&apos;, java.version: &apos;1.7.0_71&apos;
Driver info: driver.version: EventFiringWebDriver
	at org.openqa.selenium.android.library.AndroidWebElement.lookupElement(AndroidWebElement.java:346)
	at org.openqa.selenium.android.library.AndroidWebElement.access$1(AndroidWebElement.java:335)
	at org.openqa.selenium.android.library.AndroidWebElement$FindByImpl.findElementById(AndroidWebElement.java:249)
	at org.openqa.selenium.android.library.AndroidWebDriver$AndroidFindBy.findElementById(AndroidWebDriver.java:604)
	at org.openqa.selenium.By$ById.findElement(By.java:216)
	at org.openqa.selenium.android.library.AndroidWebDriver.findElement(AndroidWebDriver.java:543)
	at org.openqa.selenium.android.AndroidApkDriver.findElement(AndroidApkDriver.java:70)
	at org.openqa.selenium.support.events.EventFiringWebDriver$2.invoke(EventFiringWebDriver.java:101)
	at $Proxy1.findElement(Native Method)
	at org.openqa.selenium.support.events.EventFiringWebDriver.findElement(EventFiringWebDriver.java:180)
	at org.openqa.selenium.remote.server.handler.FindElement.call(FindElement.java:47)
	at org.openqa.selenium.remote.server.handler.FindElement.call(FindElement.java:1)
	at java.util.concurrent.FutureTask$Sync.innerRun(FutureTask.java:305)
	at java.util.concurrent.FutureTask.run(FutureTask.java:137)
	at org.openqa.selenium.remote.server.DefaultSession$1.run(DefaultSession.java:169)
	at java.util.concurrent.ThreadPoolExecutor.runWorker(ThreadPoolExecutor.java:1076)
	at java.util.concurrent.ThreadPoolExecutor$Worker.run(ThreadPoolExecutor.java:569)
	at java.lang.Thread.run(Thread.java:856)
... Removed 30 stack frames</div></td></tr></table><p class="totop"><a href="#summary">back to summary</a></p><h2>Android 4.0 Test</h2><h3 id="m13">test.Checks#main</h3><table class="result"><tr><th>Exception</th></tr><tr><td><div class="stacktrace">org.openqa.selenium.NoSuchElementException: Could not find element with id: e
For documentation on this error, please visit: http://seleniumhq.org/exceptions/no_such_element.html
Build info: version: &apos;unknown&apos;, revision: &apos;unknown&apos;, time: &apos;unknown&apos;
System info: os.name: &apos;Linux&apos;, os.arch: &apos;armv7l&apos;, os.version: &apos;2.6.29-g46b05b2&apos;, java.version: &apos;0&apos;
Driver info: driver.version: EventFiringWebDriver
Command duration or timeout: 10.69 seconds
For documentation on this error, please visit: http://seleniumhq.org/exceptions/no_such_element.html
Build info: version: &apos;2.45.0&apos;, revision: &apos;5017cb8e7ca8e37638dc3091b2440b90a1d8686f&apos;, time: &apos;2015-02-27 09:10:26&apos;
System info: host: &apos;Julieta-PC&apos;, ip: &apos;10.30.10.117&apos;, os.name: &apos;Windows 8.1&apos;, os.arch: &apos;amd64&apos;, os.version: &apos;6.3&apos;, java.version: &apos;1.7.0_71&apos;
*** Element info: {Using=id, value=e}
Session ID: 17e9c78d05dc6b64430726feb6ce35805ab6c6f0
Driver info: org.openqa.selenium.remote.RemoteWebDriver
Capabilities [{proxy_type=node, javascriptEnabled=true, acceptSslCerts=true, browserVersion=default, browserName=android, webdriver.remote.sessionid=17e9c78d05dc6b64430726feb6ce35805ab6c6f0, version=15, proxy={httpProxy=10.0.2.2:45691, sslProxy=10.0.2.2:45691, proxyType=manual}, browser=android, applicationCacheEnabled=true, takesScreenshot=true, browserstack.ie.noFlash=false, 64bit=false, platform=ANDROID, rotatable=true, locationContextEnabled=true, acceptSslCert=false, handlesAlerts=true, browserConnectionEnabled=true, webStorageEnabled=true, device=Google Nexus, browserstack.video=true, language=Apache-HttpClient/4.3.6 (java 1.5), orig_os=macmav, browserstack.debug=false, mobile={browser=mobile, version=Google Nexus-4.0-720x1280}}]
	at org.openqa.selenium.remote.ErrorHandler.createThrowable(ErrorHandler.java:204)
	at org.openqa.selenium.remote.ErrorHandler.throwIfResponseFailed(ErrorHandler.java:156)
	at org.openqa.selenium.remote.RemoteWebDriver.execute(RemoteWebDriver.java:599)
	at org.openqa.selenium.remote.RemoteWebDriver.findElement(RemoteWebDriver.java:352)
	at org.openqa.selenium.remote.RemoteWebDriver.findElementById(RemoteWebDriver.java:393)
	at org.openqa.selenium.By$ById.findElement(By.java:214)
	at org.openqa.selenium.remote.RemoteWebDriver.findElement(RemoteWebDriver.java:344)
	at test.Checks.main(Checks.java:49)
Caused by: org.openqa.selenium.NoSuchElementException: Could not find element with id: e
For documentation on this error, please visit: http://seleniumhq.org/exceptions/no_such_element.html
Build info: version: &apos;unknown&apos;, revision: &apos;unknown&apos;, time: &apos;unknown&apos;
System info: os.name: &apos;Linux&apos;, os.arch: &apos;armv7l&apos;, os.version: &apos;2.6.29-g46b05b2&apos;, java.version: &apos;0&apos;
Driver info: driver.version: EventFiringWebDriver
For documentation on this error, please visit: http://seleniumhq.org/exceptions/no_such_element.html
Build info: version: &apos;2.45.0&apos;, revision: &apos;5017cb8e7ca8e37638dc3091b2440b90a1d8686f&apos;, time: &apos;2015-02-27 09:10:26&apos;
System info: host: &apos;Julieta-PC&apos;, ip: &apos;10.30.10.117&apos;, os.name: &apos;Windows 8.1&apos;, os.arch: &apos;amd64&apos;, os.version: &apos;6.3&apos;, java.version: &apos;1.7.0_71&apos;
Driver info: driver.version: EventFiringWebDriver
	at org.openqa.selenium.android.library.AndroidWebElement.lookupElement(AndroidWebElement.java:346)
	at org.openqa.selenium.android.library.AndroidWebElement.access$1(AndroidWebElement.java:335)
	at org.openqa.selenium.android.library.AndroidWebElement$FindByImpl.findElementById(AndroidWebElement.java:249)
	at org.openqa.selenium.android.library.AndroidWebDriver$AndroidFindBy.findElementById(AndroidWebDriver.java:604)
	at org.openqa.selenium.By$ById.findElement(By.java:216)
	at org.openqa.selenium.android.library.AndroidWebDriver.findElement(AndroidWebDriver.java:543)
	at org.openqa.selenium.android.AndroidApkDriver.findElement(AndroidApkDriver.java:70)
	at org.openqa.selenium.support.events.EventFiringWebDriver$2.invoke(EventFiringWebDriver.java:101)
	at $Proxy1.findElement(Native Method)
	at org.openqa.selenium.support.events.EventFiringWebDriver.findElement(EventFiringWebDriver.java:180)
	at org.openqa.selenium.remote.server.handler.FindElement.call(FindElement.java:47)
	at org.openqa.selenium.remote.server.handler.FindElement.call(FindElement.java:1)
	at java.util.concurrent.FutureTask$Sync.innerRun(FutureTask.java:305)
	at java.util.concurrent.FutureTask.run(FutureTask.java:137)
	at org.openqa.selenium.remote.server.DefaultSession$1.run(DefaultSession.java:169)
	at java.util.concurrent.ThreadPoolExecutor.runWorker(ThreadPoolExecutor.java:1076)
	at java.util.concurrent.ThreadPoolExecutor$Worker.run(ThreadPoolExecutor.java:569)
	at java.lang.Thread.run(Thread.java:856)
... Removed 30 stack frames</div></td></tr></table><p class="totop"><a href="#summary">back to summary</a></p><h2>iOS 8 Test</h2><h3 id="m14">test.Checks#main</h3><table class="result"></table><p class="totop"><a href="#summary">back to summary</a></p><h2>iOS 9 Test</h2><h3 id="m15">test.Checks#main</h3><table class="result"></table><p class="totop"><a href="#summary">back to summary</a></p><h2>iOS 7.0 Test</h2><h3 id="m16">test.Checks#main</h3><table class="result"></table><p class="totop"><a href="#summary">back to summary</a></p></body></html>